<?xml version="1.0" encoding="UTF-8"?>
<!-- Generated by org.testng.reporters.JUnitReportReporter -->
<testsuite hostname="DESKTOP-PN8R175" failures="0" tests="6" name="com.ToolsQa.Qa.Tests.ToolsQAElementPageTest" time="1.521" errors="0" timestamp="2023-07-27T01:04:29 EDT" skipped="4">
  <testcase classname="com.ToolsQa.Qa.Tests.ToolsQAElementPageTest" name="ElementClickTest" time="1.282"/>
  <system-out/>
  <testcase classname="com.ToolsQa.Qa.Tests.ToolsQAElementPageTest" name="ElementWebTablePageTest" time="0.239"/>
  <system-out/>
  <testcase classname="com.ToolsQa.Qa.Tests.ToolsQAElementPageTest" name="ElementCheckBoxHomeClickTest">
    <skipped/>
  </testcase> <!-- ElementCheckBoxHomeClickTest -->
  <system-out/>
  <testcase classname="com.ToolsQa.Qa.Tests.ToolsQAElementPageTest" name="ElementRadioButtonClickTest">
    <skipped/>
  </testcase> <!-- ElementRadioButtonClickTest -->
  <system-out/>
  <testcase classname="com.ToolsQa.Qa.Tests.ToolsQAElementPageTest" name="ElementCheckBoxTest">
    <skipped/>
  </testcase> <!-- ElementCheckBoxTest -->
  <system-out/>
  <testcase classname="com.ToolsQa.Qa.Tests.ToolsQAElementPageTest" name="ElementTextBoxTest">
    <skipped/>
  </testcase> <!-- ElementTextBoxTest -->
  <system-out/>
</testsuite> <!-- com.ToolsQa.Qa.Tests.ToolsQAElementPageTest -->
